<?xml version="1.0" encoding="UTF-8" ?>
<testsuite 
errors="0" failures="0" hostname="Home-PC" name="org.scalatest.tools.DiscoverySuite" tests="0" time="0.023" timestamp="2018-06-28T14:12:03">
  <properties>
    <property name="java.runtime.name" value="Java(TM) SE Runtime Environment">
    </property>
    <property 
    name="sun.boot.library.path" value="C:\Program Files\Java\jre1.8.0_171\bin">
</property>
    <property name="java.vm.version" value="25.171-b11"> </property>
    <property name="java.vm.vendor" value="Oracle Corporation"> </property>
    <property name="java.vendor.url" value="http://java.oracle.com/">
    </property>
    <property name="path.separator" value=";"> </property>
    <property name="java.vm.name" value="Java HotSpot(TM) 64-Bit Server VM">
    </property>
    <property name="file.encoding.pkg" value="sun.io"> </property>
    <property name="user.script" value=""> </property>
    <property name="user.country" value="RU"> </property>
    <property name="sun.java.launcher" value="SUN_STANDARD"> </property>
    <property name="sun.os.patch.level" value=""> </property>
    <property 
    name="java.vm.specification.name" value="Java Virtual Machine Specification">
</property>
    <property 
    name="user.dir" value="C:\Users\Home\Documents\GitHub\AxiomExtraction">
</property>
    <property name="java.runtime.version" value="1.8.0_171-b11"> </property>
    <property 
    name="java.awt.graphicsenv" value="sun.awt.Win32GraphicsEnvironment">
</property>
    <property 
    name="basedir" value="C:\Users\Home\Documents\GitHub\AxiomExtraction">
</property>
    <property 
    name="java.endorsed.dirs" value="C:\Program Files\Java\jre1.8.0_171\lib\endorsed">
</property>
    <property name="os.arch" value="amd64"> </property>
    <property name="java.io.tmpdir" value="C:\Users\Home\AppData\Local\Temp\">
    </property>
    <property name="line.separator" value=" "> </property>
    <property name="java.vm.specification.vendor" value="Oracle Corporation">
    </property>
    <property name="user.variant" value=""> </property>
    <property name="os.name" value="Windows 10"> </property>
    <property name="sun.jnu.encoding" value="Cp1251"> </property>
    <property 
    name="java.library.path" value="C:\Program Files (x86)\Common Files\Oracle\Java\javapath;C:\WINDOWS\Sun\Java\bin;C:\WINDOWS\system32;C:\WINDOWS;C:\Program Files (x86)\Common Files\Oracle\Java\javapath;C:\ProgramData\Oracle\Java\javapath;C:\WINDOWS\system32;C:\WINDOWS;C:\WINDOWS\System32\Wbem;C:\WINDOWS\System32\WindowsPowerShell\v1.0\;C:\Program Files (x86)\Skype\Phone\;C:\Program Files\Java\jdk1.8.0_131\bin;C:\Users\Home\eclipse\java-neon\eclipse\bin;D:\Spark\spark-1.6.0-bin-hadoop2.6\bin;D:\apache-maven-3.3.9\bin;C:\WINDOWS\System32\OpenSSH\;C:\Program Files (x86)\scala\bin;C:\Users\Home\AppData\Local\Microsoft\WindowsApps;C:\Program Files\Java\jdk1.8.0_131\bin;C:\Users\Home\eclipse\java-neon\eclipse;C:\Users\Home\AppData\Local\GitHubDesktop\bin;C:\Program Files (x86)\scala\bin;C:\Program Files\Java\jdk1.8.0_171\bin;D:\Spark\spark-1.6.0-bin-hadoop2.6\bin;;.">
</property>
    <property 
    name="java.specification.name" value="Java Platform API Specification">
</property>
    <property name="java.class.version" value="52.0"> </property>
    <property 
    name="sun.management.compiler" value="HotSpot 64-Bit Tiered Compilers">
</property>
    <property name="os.version" value="10.0"> </property>
    <property name="user.home" value="C:\Users\Home"> </property>
    <property name="user.timezone" value=""> </property>
    <property name="java.awt.printerjob" value="sun.awt.windows.WPrinterJob">
    </property>
    <property name="file.encoding" value="Cp1251"> </property>
    <property name="java.specification.version" value="1.8"> </property>
    <property name="user.name" value="Home"> </property>
    <property 
    name="java.class.path" value="C:\Users\Home\Documents\GitHub\AxiomExtraction\target\test-classes;C:\Users\Home\Documents\GitHub\AxiomExtraction\target\classes;C:\Users\Home\.m2\repository\org\scala-lang\scala-library\2.11.8\scala-library-2.11.8.jar;C:\Users\Home\.m2\repository\org\apache\spark\spark-core_2.11\2.2.1\spark-core_2.11-2.2.1.jar;C:\Users\Home\.m2\repository\org\apache\avro\avro\1.7.7\avro-1.7.7.jar;C:\Users\Home\.m2\repository\org\codehaus\jackson\jackson-core-asl\1.9.13\jackson-core-asl-1.9.13.jar;C:\Users\Home\.m2\repository\org\codehaus\jackson\jackson-mapper-asl\1.9.13\jackson-mapper-asl-1.9.13.jar;C:\Users\Home\.m2\repository\com\thoughtworks\paranamer\paranamer\2.3\paranamer-2.3.jar;C:\Users\Home\.m2\repository\org\apache\commons\commons-compress\1.4.1\commons-compress-1.4.1.jar;C:\Users\Home\.m2\repository\org\apache\avro\avro-mapred\1.7.7\avro-mapred-1.7.7-hadoop2.jar;C:\Users\Home\.m2\repository\org\apache\avro\avro-ipc\1.7.7\avro-ipc-1.7.7.jar;C:\Users\Home\.m2\repository\org\apache\avro\avro-ipc\1.7.7\avro-ipc-1.7.7-tests.jar;C:\Users\Home\.m2\repository\com\twitter\chill_2.11\0.8.0\chill_2.11-0.8.0.jar;C:\Users\Home\.m2\repository\com\esotericsoftware\kryo-shaded\3.0.3\kryo-shaded-3.0.3.jar;C:\Users\Home\.m2\repository\com\esotericsoftware\minlog\1.3.0\minlog-1.3.0.jar;C:\Users\Home\.m2\repository\org\objenesis\objenesis\2.1\objenesis-2.1.jar;C:\Users\Home\.m2\repository\com\twitter\chill-java\0.8.0\chill-java-0.8.0.jar;C:\Users\Home\.m2\repository\org\apache\xbean\xbean-asm5-shaded\4.4\xbean-asm5-shaded-4.4.jar;C:\Users\Home\.m2\repository\org\apache\hadoop\hadoop-client\2.6.5\hadoop-client-2.6.5.jar;C:\Users\Home\.m2\repository\org\apache\hadoop\hadoop-hdfs\2.6.5\hadoop-hdfs-2.6.5.jar;C:\Users\Home\.m2\repository\org\htrace\htrace-core\3.0.4\htrace-core-3.0.4.jar;C:\Users\Home\.m2\repository\org\apache\hadoop\hadoop-mapreduce-client-app\2.6.5\hadoop-mapreduce-client-app-2.6.5.jar;C:\Users\Home\.m2\repository\org\apache\hadoop\hadoop-mapreduce-client-common\2.6.5\hadoop-mapreduce-client-common-2.6.5.jar;C:\Users\Home\.m2\repository\org\apache\hadoop\hadoop-yarn-client\2.6.5\hadoop-yarn-client-2.6.5.jar;C:\Users\Home\.m2\repository\org\apache\hadoop\hadoop-yarn-server-common\2.6.5\hadoop-yarn-server-common-2.6.5.jar;C:\Users\Home\.m2\repository\org\apache\hadoop\hadoop-mapreduce-client-shuffle\2.6.5\hadoop-mapreduce-client-shuffle-2.6.5.jar;C:\Users\Home\.m2\repository\org\apache\hadoop\hadoop-yarn-api\2.6.5\hadoop-yarn-api-2.6.5.jar;C:\Users\Home\.m2\repository\org\apache\hadoop\hadoop-mapreduce-client-jobclient\2.6.5\hadoop-mapreduce-client-jobclient-2.6.5.jar;C:\Users\Home\.m2\repository\org\apache\hadoop\hadoop-annotations\2.6.5\hadoop-annotations-2.6.5.jar;C:\Users\Home\.m2\repository\org\apache\spark\spark-launcher_2.11\2.2.1\spark-launcher_2.11-2.2.1.jar;C:\Users\Home\.m2\repository\org\apache\spark\spark-network-common_2.11\2.2.1\spark-network-common_2.11-2.2.1.jar;C:\Users\Home\.m2\repository\org\fusesource\leveldbjni\leveldbjni-all\1.8\leveldbjni-all-1.8.jar;C:\Users\Home\.m2\repository\com\fasterxml\jackson\core\jackson-annotations\2.6.5\jackson-annotations-2.6.5.jar;C:\Users\Home\.m2\repository\org\apache\spark\spark-network-shuffle_2.11\2.2.1\spark-network-shuffle_2.11-2.2.1.jar;C:\Users\Home\.m2\repository\org\apache\spark\spark-unsafe_2.11\2.2.1\spark-unsafe_2.11-2.2.1.jar;C:\Users\Home\.m2\repository\net\java\dev\jets3t\jets3t\0.9.3\jets3t-0.9.3.jar;C:\Users\Home\.m2\repository\org\apache\httpcomponents\httpcore\4.3.3\httpcore-4.3.3.jar;C:\Users\Home\.m2\repository\commons-codec\commons-codec\1.8\commons-codec-1.8.jar;C:\Users\Home\.m2\repository\javax\activation\activation\1.1.1\activation-1.1.1.jar;C:\Users\Home\.m2\repository\mx4j\mx4j\3.0.2\mx4j-3.0.2.jar;C:\Users\Home\.m2\repository\javax\mail\mail\1.4.7\mail-1.4.7.jar;C:\Users\Home\.m2\repository\org\bouncycastle\bcprov-jdk15on\1.51\bcprov-jdk15on-1.51.jar;C:\Users\Home\.m2\repository\com\jamesmurty\utils\java-xmlbuilder\1.0\java-xmlbuilder-1.0.jar;C:\Users\Home\.m2\repository\net\iharder\base64\2.3.8\base64-2.3.8.jar;C:\Users\Home\.m2\repository\org\apache\curator\curator-recipes\2.6.0\curator-recipes-2.6.0.jar;C:\Users\Home\.m2\repository\org\apache\curator\curator-framework\2.6.0\curator-framework-2.6.0.jar;C:\Users\Home\.m2\repository\org\apache\zookeeper\zookeeper\3.4.6\zookeeper-3.4.6.jar;C:\Users\Home\.m2\repository\com\google\guava\guava\16.0.1\guava-16.0.1.jar;C:\Users\Home\.m2\repository\javax\servlet\javax.servlet-api\3.1.0\javax.servlet-api-3.1.0.jar;C:\Users\Home\.m2\repository\org\apache\commons\commons-lang3\3.5\commons-lang3-3.5.jar;C:\Users\Home\.m2\repository\org\apache\commons\commons-math3\3.4.1\commons-math3-3.4.1.jar;C:\Users\Home\.m2\repository\com\google\code\findbugs\jsr305\1.3.9\jsr305-1.3.9.jar;C:\Users\Home\.m2\repository\org\slf4j\slf4j-api\1.7.16\slf4j-api-1.7.16.jar;C:\Users\Home\.m2\repository\org\slf4j\jul-to-slf4j\1.7.16\jul-to-slf4j-1.7.16.jar;C:\Users\Home\.m2\repository\org\slf4j\jcl-over-slf4j\1.7.16\jcl-over-slf4j-1.7.16.jar;C:\Users\Home\.m2\repository\log4j\log4j\1.2.17\log4j-1.2.17.jar;C:\Users\Home\.m2\repository\org\slf4j\slf4j-log4j12\1.7.16\slf4j-log4j12-1.7.16.jar;C:\Users\Home\.m2\repository\com\ning\compress-lzf\1.0.3\compress-lzf-1.0.3.jar;C:\Users\Home\.m2\repository\org\xerial\snappy\snappy-java\1.1.2.6\snappy-java-1.1.2.6.jar;C:\Users\Home\.m2\repository\net\jpountz\lz4\lz4\1.3.0\lz4-1.3.0.jar;C:\Users\Home\.m2\repository\org\roaringbitmap\RoaringBitmap\0.5.11\RoaringBitmap-0.5.11.jar;C:\Users\Home\.m2\repository\commons-net\commons-net\2.2\commons-net-2.2.jar;C:\Users\Home\.m2\repository\org\json4s\json4s-jackson_2.11\3.2.11\json4s-jackson_2.11-3.2.11.jar;C:\Users\Home\.m2\repository\org\json4s\json4s-core_2.11\3.2.11\json4s-core_2.11-3.2.11.jar;C:\Users\Home\.m2\repository\org\json4s\json4s-ast_2.11\3.2.11\json4s-ast_2.11-3.2.11.jar;C:\Users\Home\.m2\repository\org\scala-lang\scalap\2.11.0\scalap-2.11.0.jar;C:\Users\Home\.m2\repository\org\scala-lang\scala-compiler\2.11.0\scala-compiler-2.11.0.jar;C:\Users\Home\.m2\repository\org\glassfish\jersey\core\jersey-client\2.22.2\jersey-client-2.22.2.jar;C:\Users\Home\.m2\repository\javax\ws\rs\javax.ws.rs-api\2.0.1\javax.ws.rs-api-2.0.1.jar;C:\Users\Home\.m2\repository\org\glassfish\hk2\hk2-api\2.4.0-b34\hk2-api-2.4.0-b34.jar;C:\Users\Home\.m2\repository\org\glassfish\hk2\hk2-utils\2.4.0-b34\hk2-utils-2.4.0-b34.jar;C:\Users\Home\.m2\repository\org\glassfish\hk2\external\aopalliance-repackaged\2.4.0-b34\aopalliance-repackaged-2.4.0-b34.jar;C:\Users\Home\.m2\repository\org\glassfish\hk2\external\javax.inject\2.4.0-b34\javax.inject-2.4.0-b34.jar;C:\Users\Home\.m2\repository\org\glassfish\hk2\hk2-locator\2.4.0-b34\hk2-locator-2.4.0-b34.jar;C:\Users\Home\.m2\repository\org\javassist\javassist\3.18.1-GA\javassist-3.18.1-GA.jar;C:\Users\Home\.m2\repository\org\glassfish\jersey\core\jersey-common\2.22.2\jersey-common-2.22.2.jar;C:\Users\Home\.m2\repository\javax\annotation\javax.annotation-api\1.2\javax.annotation-api-1.2.jar;C:\Users\Home\.m2\repository\org\glassfish\jersey\bundles\repackaged\jersey-guava\2.22.2\jersey-guava-2.22.2.jar;C:\Users\Home\.m2\repository\org\glassfish\hk2\osgi-resource-locator\1.0.1\osgi-resource-locator-1.0.1.jar;C:\Users\Home\.m2\repository\org\glassfish\jersey\core\jersey-server\2.22.2\jersey-server-2.22.2.jar;C:\Users\Home\.m2\repository\org\glassfish\jersey\media\jersey-media-jaxb\2.22.2\jersey-media-jaxb-2.22.2.jar;C:\Users\Home\.m2\repository\javax\validation\validation-api\1.1.0.Final\validation-api-1.1.0.Final.jar;C:\Users\Home\.m2\repository\org\glassfish\jersey\containers\jersey-container-servlet\2.22.2\jersey-container-servlet-2.22.2.jar;C:\Users\Home\.m2\repository\org\glassfish\jersey\containers\jersey-container-servlet-core\2.22.2\jersey-container-servlet-core-2.22.2.jar;C:\Users\Home\.m2\repository\io\netty\netty-all\4.0.43.Final\netty-all-4.0.43.Final.jar;C:\Users\Home\.m2\repository\io\netty\netty\3.9.9.Final\netty-3.9.9.Final.jar;C:\Users\Home\.m2\repository\com\clearspring\analytics\stream\2.7.0\stream-2.7.0.jar;C:\Users\Home\.m2\repository\io\dropwizard\metrics\metrics-core\3.1.2\metrics-core-3.1.2.jar;C:\Users\Home\.m2\repository\io\dropwizard\metrics\metrics-jvm\3.1.2\metrics-jvm-3.1.2.jar;C:\Users\Home\.m2\repository\io\dropwizard\metrics\metrics-json\3.1.2\metrics-json-3.1.2.jar;C:\Users\Home\.m2\repository\io\dropwizard\metrics\metrics-graphite\3.1.2\metrics-graphite-3.1.2.jar;C:\Users\Home\.m2\repository\com\fasterxml\jackson\core\jackson-databind\2.6.5\jackson-databind-2.6.5.jar;C:\Users\Home\.m2\repository\com\fasterxml\jackson\core\jackson-core\2.6.5\jackson-core-2.6.5.jar;C:\Users\Home\.m2\repository\com\fasterxml\jackson\module\jackson-module-scala_2.11\2.6.5\jackson-module-scala_2.11-2.6.5.jar;C:\Users\Home\.m2\repository\com\fasterxml\jackson\module\jackson-module-paranamer\2.6.5\jackson-module-paranamer-2.6.5.jar;C:\Users\Home\.m2\repository\org\apache\ivy\ivy\2.4.0\ivy-2.4.0.jar;C:\Users\Home\.m2\repository\oro\oro\2.0.8\oro-2.0.8.jar;C:\Users\Home\.m2\repository\net\razorvine\pyrolite\4.13\pyrolite-4.13.jar;C:\Users\Home\.m2\repository\net\sf\py4j\py4j\0.10.4\py4j-0.10.4.jar;C:\Users\Home\.m2\repository\org\apache\spark\spark-tags_2.11\2.2.1\spark-tags_2.11-2.2.1.jar;C:\Users\Home\.m2\repository\org\apache\commons\commons-crypto\1.0.0\commons-crypto-1.0.0.jar;C:\Users\Home\.m2\repository\org\spark-project\spark\unused\1.0.0\unused-1.0.0.jar;C:\Users\Home\.m2\repository\org\apache\spark\spark-sql_2.11\2.2.1\spark-sql_2.11-2.2.1.jar;C:\Users\Home\.m2\repository\com\univocity\univocity-parsers\2.2.1\univocity-parsers-2.2.1.jar;C:\Users\Home\.m2\repository\org\apache\spark\spark-sketch_2.11\2.2.1\spark-sketch_2.11-2.2.1.jar;C:\Users\Home\.m2\repository\org\apache\spark\spark-catalyst_2.11\2.2.1\spark-catalyst_2.11-2.2.1.jar;C:\Users\Home\.m2\repository\org\codehaus\janino\janino\3.0.0\janino-3.0.0.jar;C:\Users\Home\.m2\repository\org\codehaus\janino\commons-compiler\3.0.0\commons-compiler-3.0.0.jar;C:\Users\Home\.m2\repository\org\antlr\antlr4-runtime\4.5.3\antlr4-runtime-4.5.3.jar;C:\Users\Home\.m2\repository\org\apache\parquet\parquet-column\1.8.2\parquet-column-1.8.2.jar;C:\Users\Home\.m2\repository\org\apache\parquet\parquet-common\1.8.2\parquet-common-1.8.2.jar;C:\Users\Home\.m2\repository\org\apache\parquet\parquet-encoding\1.8.2\parquet-encoding-1.8.2.jar;C:\Users\Home\.m2\repository\org\apache\parquet\parquet-hadoop\1.8.2\parquet-hadoop-1.8.2.jar;C:\Users\Home\.m2\repository\org\apache\parquet\parquet-format\2.3.1\parquet-format-2.3.1.jar;C:\Users\Home\.m2\repository\org\apache\parquet\parquet-jackson\1.8.2\parquet-jackson-1.8.2.jar;C:\Users\Home\.m2\repository\org\apache\jena\jena-arq\3.5.0\jena-arq-3.5.0.jar;C:\Users\Home\.m2\repository\org\apache\jena\jena-shaded-guava\3.5.0\jena-shaded-guava-3.5.0.jar;C:\Users\Home\.m2\repository\org\apache\httpcomponents\httpclient\4.5.3\httpclient-4.5.3.jar;C:\Users\Home\.m2\repository\com\github\jsonld-java\jsonld-java\0.11.1\jsonld-java-0.11.1.jar;C:\Users\Home\.m2\repository\commons-io\commons-io\2.5\commons-io-2.5.jar;C:\Users\Home\.m2\repository\org\apache\httpcomponents\httpclient-cache\4.5.3\httpclient-cache-4.5.3.jar;C:\Users\Home\.m2\repository\org\apache\thrift\libthrift\0.9.3\libthrift-0.9.3.jar;C:\Users\Home\.m2\repository\org\apache\jena\jena-core\3.5.0\jena-core-3.5.0.jar;C:\Users\Home\.m2\repository\org\apache\jena\jena-iri\3.5.0\jena-iri-3.5.0.jar;C:\Users\Home\.m2\repository\xerces\xercesImpl\2.11.0\xercesImpl-2.11.0.jar;C:\Users\Home\.m2\repository\xml-apis\xml-apis\1.4.01\xml-apis-1.4.01.jar;C:\Users\Home\.m2\repository\commons-cli\commons-cli\1.4\commons-cli-1.4.jar;C:\Users\Home\.m2\repository\org\apache\jena\jena-base\3.5.0\jena-base-3.5.0.jar;C:\Users\Home\.m2\repository\org\apache\commons\commons-csv\1.4\commons-csv-1.4.jar;C:\Users\Home\.m2\repository\com\github\andrewoma\dexx\collection\0.7\collection-0.7.jar;C:\Users\Home\.m2\repository\net\sansa-stack\sansa-rdf-spark-bundle_2.11\0.3.0\sansa-rdf-spark-bundle_2.11-0.3.0.jar;C:\Users\Home\.m2\repository\de\javakaffee\kryo-serializers\0.41\kryo-serializers-0.41.jar;C:\Users\Home\.m2\repository\net\sansa-stack\sansa-rdf-kryo-jena_2.11\0.3.0\sansa-rdf-kryo-jena_2.11-0.3.0.jar;C:\Users\Home\.m2\repository\net\sansa-stack\sansa-rdf-spark-core_2.11\0.3.0\sansa-rdf-spark-core_2.11-0.3.0.jar;C:\Users\Home\.m2\repository\net\sansa-stack\sansa-rdf-common_2.11\0.3.0\sansa-rdf-common_2.11-0.3.0.jar;C:\Users\Home\.m2\repository\org\apache\spark\spark-graphx_2.11\2.2.1\spark-graphx_2.11-2.2.1.jar;C:\Users\Home\.m2\repository\com\github\fommil\netlib\core\1.1.2\core-1.1.2.jar;C:\Users\Home\.m2\repository\net\sourceforge\f2j\arpack_combined_all\0.1\arpack_combined_all-0.1.jar;C:\Users\Home\.m2\repository\org\apache\spark\spark-streaming_2.11\2.2.1\spark-streaming_2.11-2.2.1.jar;C:\Users\Home\.m2\repository\org\apache\spark\spark-streaming-kafka-0-10_2.11\2.2.1\spark-streaming-kafka-0-10_2.11-2.2.1.jar;C:\Users\Home\.m2\repository\org\apache\kafka\kafka_2.11\0.10.0.1\kafka_2.11-0.10.0.1.jar;C:\Users\Home\.m2\repository\com\101tec\zkclient\0.8\zkclient-0.8.jar;C:\Users\Home\.m2\repository\com\yammer\metrics\metrics-core\2.2.0\metrics-core-2.2.0.jar;C:\Users\Home\.m2\repository\org\apache\kafka\kafka-clients\0.10.0.1\kafka-clients-0.10.0.1.jar;C:\Users\Home\.m2\repository\it\unimi\dsi\fastutil\8.1.0\fastutil-8.1.0.jar;C:\Users\Home\.m2\repository\com\typesafe\config\1.3.1\config-1.3.1.jar;C:\Users\Home\.m2\repository\net\sansa-stack\sansa-rdf-spark-utils_2.11\0.3.0\sansa-rdf-spark-utils_2.11-0.3.0.jar;C:\Users\Home\.m2\repository\net\sansa-stack\sansa-rdf-partition-core_2.11\0.3.0\sansa-rdf-partition-core_2.11-0.3.0.jar;C:\Users\Home\.m2\repository\net\sansa-stack\sansa-rdf-kryo-sparqlify_2.11\0.3.0\sansa-rdf-kryo-sparqlify_2.11-0.3.0.jar;C:\Users\Home\.m2\repository\org\aksw\sparqlify\sparqlify-core\0.8.3\sparqlify-core-0.8.3.jar;C:\Users\Home\.m2\repository\org\aksw\jena-sparql-api\jena-sparql-api-core\3.5.0-2\jena-sparql-api-core-3.5.0-2.jar;C:\Users\Home\.m2\repository\org\aksw\jena-sparql-api\jena-sparql-api-utils\3.5.0-2\jena-sparql-api-utils-3.5.0-2.jar;C:\Users\Home\.m2\repository\org\apache\jena\jena-sdb\3.5.0\jena-sdb-3.5.0.jar;C:\Users\Home\.m2\repository\org\apache\jena\jena-cmds\3.5.0\jena-cmds-3.5.0.jar;C:\Users\Home\.m2\repository\org\aksw\commons\aksw-commons-util\0.8.7\aksw-commons-util-0.8.7.jar;C:\Users\Home\.m2\repository\org\slf4j\slf4j-ext\1.7.21\slf4j-ext-1.7.21.jar;C:\Users\Home\.m2\repository\ch\qos\cal10n\cal10n-api\0.8.1\cal10n-api-0.8.1.jar;C:\Users\Home\.m2\repository\com\thoughtworks\xstream\xstream\1.3.1\xstream-1.3.1.jar;C:\Users\Home\.m2\repository\xpp3\xpp3_min\1.1.4c\xpp3_min-1.1.4c.jar;C:\Users\Home\.m2\repository\org\aksw\jena-sparql-api\jena-sparql-api-vocabs\3.5.0-2\jena-sparql-api-vocabs-3.5.0-2.jar;C:\Users\Home\.m2\repository\org\aksw\jena-sparql-api\jena-sparql-api-sparql-ext\3.5.0-2\jena-sparql-api-sparql-ext-3.5.0-2.jar;C:\Users\Home\.m2\repository\net\sf\jopt-simple\jopt-simple\5.0.4\jopt-simple-5.0.4.jar;C:\Users\Home\.m2\repository\com\jayway\jsonpath\json-path\2.4.0\json-path-2.4.0.jar;C:\Users\Home\.m2\repository\net\minidev\json-smart\2.3\json-smart-2.3.jar;C:\Users\Home\.m2\repository\net\minidev\accessors-smart\1.2\accessors-smart-1.2.jar;C:\Users\Home\.m2\repository\org\codehaus\plexus\plexus-utils\3.1.0\plexus-utils-3.1.0.jar;C:\Users\Home\.m2\repository\org\quartz-scheduler\quartz\2.3.0\quartz-2.3.0.jar;C:\Users\Home\.m2\repository\com\mchange\c3p0\0.9.5.2\c3p0-0.9.5.2.jar;C:\Users\Home\.m2\repository\com\mchange\mchange-commons-java\0.2.11\mchange-commons-java-0.2.11.jar;C:\Users\Home\.m2\repository\com\zaxxer\HikariCP-java6\2.3.13\HikariCP-java6-2.3.13.jar;C:\Users\Home\.m2\repository\org\aksw\commons\aksw-commons-collections\0.8.7\aksw-commons-collections-0.8.7.jar;C:\Users\Home\.m2\repository\com\nurkiewicz\asyncretry\asyncretry-jdk7\0.0.6\asyncretry-jdk7-0.0.6.jar;C:\Users\Home\.m2\repository\org\aksw\jena-sparql-api\jena-sparql-api-views\3.5.0-2\jena-sparql-api-views-3.5.0-2.jar;C:\Users\Home\.m2\repository\org\aksw\sparqlify\sparqlify-type-system\0.8.3\sparqlify-type-system-0.8.3.jar;C:\Users\Home\.m2\repository\com\jolbox\bonecp\0.8.0.RELEASE\bonecp-0.8.0.RELEASE.jar;C:\Users\Home\.m2\repository\commons-validator\commons-validator\1.4.0\commons-validator-1.4.0.jar;C:\Users\Home\.m2\repository\commons-beanutils\commons-beanutils-core\1.8.3\commons-beanutils-core-1.8.3.jar;C:\Users\Home\.m2\repository\org\antlr\antlr-runtime\3.4\antlr-runtime-3.4.jar;C:\Users\Home\.m2\repository\org\antlr\stringtemplate\3.2.1\stringtemplate-3.2.1.jar;C:\Users\Home\.m2\repository\antlr\antlr\2.7.7\antlr-2.7.7.jar;C:\Users\Home\.m2\repository\org\antlr\ST4\4.0.7\ST4-4.0.7.jar;C:\Users\Home\.m2\repository\net\sourceforge\collections\collections-generic\4.01\collections-generic-4.01.jar;C:\Users\Home\.m2\repository\org\postgresql\postgresql\9.4.1209.jre7\postgresql-9.4.1209.jre7.jar;C:\Users\Home\.m2\repository\org\postgis\postgis-jdbc\1.3.3\postgis-jdbc-1.3.3.jar;C:\Users\Home\.m2\repository\org\postgis\postgis-stubs\1.3.3\postgis-stubs-1.3.3.jar;C:\Users\Home\.m2\repository\postgresql\postgresql\8.3-603.jdbc4\postgresql-8.3-603.jdbc4.jar;C:\Users\Home\.m2\repository\net\sf\opencsv\opencsv\2.3\opencsv-2.3.jar;C:\Users\Home\.m2\repository\jrexx\jrexx\1.1.1\jrexx-1.1.1.jar;C:\Users\Home\.m2\repository\net\sourceforge\jexcelapi\jxl\2.6.12\jxl-2.6.12.jar;C:\Users\Home\.m2\repository\com\h2database\h2\1.4.192\h2-1.4.192.jar;C:\Users\Home\.m2\repository\org\aksw\jena-sparql-api\jena-sparql-api-jgrapht\3.5.0-2\jena-sparql-api-jgrapht-3.5.0-2.jar;C:\Users\Home\.m2\repository\org\jgrapht\jgrapht-core\1.0.1\jgrapht-core-1.0.1.jar;C:\Users\Home\.m2\repository\org\apache\commons\commons-collections4\4.1\commons-collections4-4.1.jar;C:\Users\Home\.m2\repository\com\codepoetics\protonpack\1.14\protonpack-1.14.jar;C:\Users\Home\.m2\repository\org\springframework\spring-jdbc\4.3.10.RELEASE\spring-jdbc-4.3.10.RELEASE.jar;C:\Users\Home\.m2\repository\org\springframework\spring-beans\4.3.10.RELEASE\spring-beans-4.3.10.RELEASE.jar;C:\Users\Home\.m2\repository\org\springframework\spring-core\4.3.10.RELEASE\spring-core-4.3.10.RELEASE.jar;C:\Users\Home\.m2\repository\org\springframework\spring-tx\4.3.10.RELEASE\spring-tx-4.3.10.RELEASE.jar;C:\Users\Home\.m2\repository\net\sansa-stack\sansa-rdf-partition-sparqlify_2.11\0.3.0\sansa-rdf-partition-sparqlify_2.11-0.3.0.jar;C:\Users\Home\.m2\repository\net\sansa-stack\sansa-owl-spark_2.11\0.3.0\sansa-owl-spark_2.11-0.3.0.jar;C:\Users\Home\.m2\repository\net\sansa-stack\sansa-owl-common_2.11\0.3.0\sansa-owl-common_2.11-0.3.0.jar;C:\Users\Home\.m2\repository\org\scala-lang\modules\scala-parser-combinators_2.11\1.0.6\scala-parser-combinators_2.11-1.0.6.jar;C:\Users\Home\.m2\repository\org\apache\hadoop\hadoop-mapreduce-client-core\2.7.0\hadoop-mapreduce-client-core-2.7.0.jar;C:\Users\Home\.m2\repository\org\apache\hadoop\hadoop-yarn-common\2.7.0\hadoop-yarn-common-2.7.0.jar;C:\Users\Home\.m2\repository\javax\xml\bind\jaxb-api\2.2.2\jaxb-api-2.2.2.jar;C:\Users\Home\.m2\repository\javax\xml\stream\stax-api\1.0-2\stax-api-1.0-2.jar;C:\Users\Home\.m2\repository\com\sun\jersey\jersey-client\1.9\jersey-client-1.9.jar;C:\Users\Home\.m2\repository\org\codehaus\jackson\jackson-jaxrs\1.9.13\jackson-jaxrs-1.9.13.jar;C:\Users\Home\.m2\repository\org\codehaus\jackson\jackson-xc\1.9.13\jackson-xc-1.9.13.jar;C:\Users\Home\.m2\repository\com\sun\jersey\contribs\jersey-guice\1.9\jersey-guice-1.9.jar;C:\Users\Home\.m2\repository\com\google\protobuf\protobuf-java\2.5.0\protobuf-java-2.5.0.jar;C:\Users\Home\.m2\repository\com\google\inject\extensions\guice-servlet\3.0\guice-servlet-3.0.jar;C:\Users\Home\.m2\repository\org\apache\hadoop\hadoop-common\2.7.0\hadoop-common-2.7.0.jar;C:\Users\Home\.m2\repository\xmlenc\xmlenc\0.52\xmlenc-0.52.jar;C:\Users\Home\.m2\repository\commons-httpclient\commons-httpclient\3.1\commons-httpclient-3.1.jar;C:\Users\Home\.m2\repository\commons-collections\commons-collections\3.2.1\commons-collections-3.2.1.jar;C:\Users\Home\.m2\repository\javax\servlet\servlet-api\2.5\servlet-api-2.5.jar;C:\Users\Home\.m2\repository\org\mortbay\jetty\jetty\6.1.26\jetty-6.1.26.jar;C:\Users\Home\.m2\repository\org\mortbay\jetty\jetty-util\6.1.26\jetty-util-6.1.26.jar;C:\Users\Home\.m2\repository\javax\servlet\jsp\jsp-api\2.1\jsp-api-2.1.jar;C:\Users\Home\.m2\repository\com\sun\jersey\jersey-core\1.9\jersey-core-1.9.jar;C:\Users\Home\.m2\repository\com\sun\jersey\jersey-json\1.9\jersey-json-1.9.jar;C:\Users\Home\.m2\repository\org\codehaus\jettison\jettison\1.1\jettison-1.1.jar;C:\Users\Home\.m2\repository\com\sun\xml\bind\jaxb-impl\2.2.3-1\jaxb-impl-2.2.3-1.jar;C:\Users\Home\.m2\repository\com\sun\jersey\jersey-server\1.9\jersey-server-1.9.jar;C:\Users\Home\.m2\repository\asm\asm\3.1\asm-3.1.jar;C:\Users\Home\.m2\repository\commons-logging\commons-logging\1.1.3\commons-logging-1.1.3.jar;C:\Users\Home\.m2\repository\commons-lang\commons-lang\2.6\commons-lang-2.6.jar;C:\Users\Home\.m2\repository\commons-configuration\commons-configuration\1.6\commons-configuration-1.6.jar;C:\Users\Home\.m2\repository\commons-digester\commons-digester\1.8\commons-digester-1.8.jar;C:\Users\Home\.m2\repository\commons-beanutils\commons-beanutils\1.7.0\commons-beanutils-1.7.0.jar;C:\Users\Home\.m2\repository\com\google\code\gson\gson\2.2.4\gson-2.2.4.jar;C:\Users\Home\.m2\repository\org\apache\hadoop\hadoop-auth\2.7.0\hadoop-auth-2.7.0.jar;C:\Users\Home\.m2\repository\org\apache\directory\server\apacheds-kerberos-codec\2.0.0-M15\apacheds-kerberos-codec-2.0.0-M15.jar;C:\Users\Home\.m2\repository\org\apache\directory\server\apacheds-i18n\2.0.0-M15\apacheds-i18n-2.0.0-M15.jar;C:\Users\Home\.m2\repository\org\apache\directory\api\api-asn1-api\1.0.0-M20\api-asn1-api-1.0.0-M20.jar;C:\Users\Home\.m2\repository\org\apache\directory\api\api-util\1.0.0-M20\api-util-1.0.0-M20.jar;C:\Users\Home\.m2\repository\com\jcraft\jsch\0.1.42\jsch-0.1.42.jar;C:\Users\Home\.m2\repository\org\apache\curator\curator-client\2.7.1\curator-client-2.7.1.jar;C:\Users\Home\.m2\repository\org\apache\htrace\htrace-core\3.1.0-incubating\htrace-core-3.1.0-incubating.jar;C:\Users\Home\.m2\repository\net\sourceforge\owlapi\owlapi-api\5.1.3\owlapi-api-5.1.3.jar;C:\Users\Home\.m2\repository\org\tukaani\xz\1.6\xz-1.6.jar;C:\Users\Home\.m2\repository\org\apache\commons\commons-rdf-api\0.3.0-incubating\commons-rdf-api-0.3.0-incubating.jar;C:\Users\Home\.m2\repository\net\sf\trove4j\trove4j\3.0.3\trove4j-3.0.3.jar;C:\Users\Home\.m2\repository\com\github\ben-manes\caffeine\caffeine\2.5.6\caffeine-2.5.6.jar;C:\Users\Home\.m2\repository\net\sourceforge\owlapi\owlapi-parsers\5.1.3\owlapi-parsers-5.1.3.jar;C:\Users\Home\.m2\repository\net\sourceforge\owlapi\owlapi-apibinding\5.1.3\owlapi-apibinding-5.1.3.jar;C:\Users\Home\.m2\repository\net\sourceforge\owlapi\owlapi-impl\5.1.3\owlapi-impl-5.1.3.jar;C:\Users\Home\.m2\repository\net\sourceforge\owlapi\owlapi-oboformat\5.1.3\owlapi-oboformat-5.1.3.jar;C:\Users\Home\.m2\repository\net\sourceforge\owlapi\owlapi-tools\5.1.3\owlapi-tools-5.1.3.jar;C:\Users\Home\.m2\repository\net\sourceforge\owlapi\owlapi-rio\5.1.3\owlapi-rio-5.1.3.jar;C:\Users\Home\.m2\repository\org\eclipse\rdf4j\rdf4j-model\2.2.2\rdf4j-model-2.2.2.jar;C:\Users\Home\.m2\repository\org\eclipse\rdf4j\rdf4j-rio-api\2.2.2\rdf4j-rio-api-2.2.2.jar;C:\Users\Home\.m2\repository\org\eclipse\rdf4j\rdf4j-rio-languages\2.2.2\rdf4j-rio-languages-2.2.2.jar;C:\Users\Home\.m2\repository\org\eclipse\rdf4j\rdf4j-rio-datatypes\2.2.2\rdf4j-rio-datatypes-2.2.2.jar;C:\Users\Home\.m2\repository\org\eclipse\rdf4j\rdf4j-rio-binary\2.2.2\rdf4j-rio-binary-2.2.2.jar;C:\Users\Home\.m2\repository\org\eclipse\rdf4j\rdf4j-rio-n3\2.2.2\rdf4j-rio-n3-2.2.2.jar;C:\Users\Home\.m2\repository\org\eclipse\rdf4j\rdf4j-rio-nquads\2.2.2\rdf4j-rio-nquads-2.2.2.jar;C:\Users\Home\.m2\repository\org\eclipse\rdf4j\rdf4j-rio-ntriples\2.2.2\rdf4j-rio-ntriples-2.2.2.jar;C:\Users\Home\.m2\repository\org\eclipse\rdf4j\rdf4j-rio-rdfjson\2.2.2\rdf4j-rio-rdfjson-2.2.2.jar;C:\Users\Home\.m2\repository\org\eclipse\rdf4j\rdf4j-rio-rdfxml\2.2.2\rdf4j-rio-rdfxml-2.2.2.jar;C:\Users\Home\.m2\repository\org\eclipse\rdf4j\rdf4j-rio-trix\2.2.2\rdf4j-rio-trix-2.2.2.jar;C:\Users\Home\.m2\repository\org\eclipse\rdf4j\rdf4j-rio-turtle\2.2.2\rdf4j-rio-turtle-2.2.2.jar;C:\Users\Home\.m2\repository\org\eclipse\rdf4j\rdf4j-rio-trig\2.2.2\rdf4j-rio-trig-2.2.2.jar;C:\Users\Home\.m2\repository\org\eclipse\rdf4j\rdf4j-rio-jsonld\2.2.2\rdf4j-rio-jsonld-2.2.2.jar;C:\Users\Home\.m2\repository\com\google\inject\guice\4.0\guice-4.0.jar;C:\Users\Home\.m2\repository\javax\inject\javax.inject\1\javax.inject-1.jar;C:\Users\Home\.m2\repository\aopalliance\aopalliance\1.0\aopalliance-1.0.jar;C:\Users\Home\.m2\repository\com\google\inject\extensions\guice-assistedinject\4.0\guice-assistedinject-4.0.jar;C:\Users\Home\.m2\repository\com\google\inject\extensions\guice-multibindings\4.0\guice-multibindings-4.0.jar;C:\Users\Home\.m2\repository\net\sansa-stack\sansa-query-spark-bundle_2.11\0.3.0\sansa-query-spark-bundle_2.11-0.3.0.jar;C:\Users\Home\.m2\repository\net\sansa-stack\sansa-query-spark-server_2.11\0.3.0\sansa-query-spark-server_2.11-0.3.0.jar;C:\Users\Home\.m2\repository\net\sansa-stack\sansa-query-spark-sparqlify_2.11\0.3.0\sansa-query-spark-sparqlify_2.11-0.3.0.jar;C:\Users\Home\.m2\repository\org\aksw\jena-sparql-api\jena-sparql-api-server-standalone\3.5.0-2\jena-sparql-api-server-standalone-3.5.0-2.jar;C:\Users\Home\.m2\repository\org\aksw\jena-sparql-api\jena-sparql-api-server-utils\3.5.0-2\jena-sparql-api-server-utils-3.5.0-2.jar;C:\Users\Home\.m2\repository\org\aksw\jena-sparql-api\jena-sparql-api-web\3.5.0-2\jena-sparql-api-web-3.5.0-2.jar;C:\Users\Home\.m2\repository\org\aksw\jena-sparql-api\jena-sparql-api-concepts\3.5.0-2\jena-sparql-api-concepts-3.5.0-2.jar;C:\Users\Home\.m2\repository\org\aksw\commons\jena-jgrapht-bindings\1.0.0\jena-jgrapht-bindings-1.0.0.jar;C:\Users\Home\.m2\repository\org\aksw\gson\gson-utils-core\1.0.0\gson-utils-core-1.0.0.jar;C:\Users\Home\.m2\repository\org\aksw\jena-sparql-api\jena-sparql-api-update\3.5.0-2\jena-sparql-api-update-3.5.0-2.jar;C:\Users\Home\.m2\repository\org\springframework\spring-context\4.3.10.RELEASE\spring-context-4.3.10.RELEASE.jar;C:\Users\Home\.m2\repository\org\glassfish\jersey\ext\jersey-spring3\2.22.2\jersey-spring3-2.22.2.jar;C:\Users\Home\.m2\repository\org\glassfish\hk2\hk2\2.4.0-b34\hk2-2.4.0-b34.jar;C:\Users\Home\.m2\repository\org\glassfish\hk2\config-types\2.4.0-b34\config-types-2.4.0-b34.jar;C:\Users\Home\.m2\repository\org\glassfish\hk2\hk2-core\2.4.0-b34\hk2-core-2.4.0-b34.jar;C:\Users\Home\.m2\repository\org\glassfish\hk2\hk2-config\2.4.0-b34\hk2-config-2.4.0-b34.jar;C:\Users\Home\.m2\repository\org\glassfish\hk2\external\bean-validator\2.4.0-b34\bean-validator-2.4.0-b34.jar;C:\Users\Home\.m2\repository\org\glassfish\hk2\hk2-runlevel\2.4.0-b34\hk2-runlevel-2.4.0-b34.jar;C:\Users\Home\.m2\repository\org\glassfish\hk2\class-model\2.4.0-b34\class-model-2.4.0-b34.jar;C:\Users\Home\.m2\repository\org\glassfish\hk2\external\asm-all-repackaged\2.4.0-b34\asm-all-repackaged-2.4.0-b34.jar;C:\Users\Home\.m2\repository\org\glassfish\hk2\spring-bridge\2.4.0-b34\spring-bridge-2.4.0-b34.jar;C:\Users\Home\.m2\repository\org\glassfish\jersey\media\jersey-media-multipart\2.22.2\jersey-media-multipart-2.22.2.jar;C:\Users\Home\.m2\repository\org\jvnet\mimepull\mimepull\1.9.6\mimepull-1.9.6.jar;C:\Users\Home\.m2\repository\org\springframework\spring-webmvc\4.3.10.RELEASE\spring-webmvc-4.3.10.RELEASE.jar;C:\Users\Home\.m2\repository\org\springframework\spring-aop\4.3.10.RELEASE\spring-aop-4.3.10.RELEASE.jar;C:\Users\Home\.m2\repository\org\springframework\spring-expression\4.3.10.RELEASE\spring-expression-4.3.10.RELEASE.jar;C:\Users\Home\.m2\repository\org\springframework\spring-web\4.3.10.RELEASE\spring-web-4.3.10.RELEASE.jar;C:\Users\Home\.m2\repository\eu\infomas\annotation-detector\3.0.5\annotation-detector-3.0.5.jar;C:\Users\Home\.m2\repository\cglib\cglib\3.2.5\cglib-3.2.5.jar;C:\Users\Home\.m2\repository\org\ow2\asm\asm\5.2\asm-5.2.jar;C:\Users\Home\.m2\repository\org\apache\ant\ant\1.9.6\ant-1.9.6.jar;C:\Users\Home\.m2\repository\org\apache\ant\ant-launcher\1.9.6\ant-launcher-1.9.6.jar;C:\Users\Home\.m2\repository\org\eclipse\jetty\jetty-server\9.4.8.v20171121\jetty-server-9.4.8.v20171121.jar;C:\Users\Home\.m2\repository\org\eclipse\jetty\jetty-io\9.4.8.v20171121\jetty-io-9.4.8.v20171121.jar;C:\Users\Home\.m2\repository\org\eclipse\jetty\jetty-webapp\9.4.8.v20171121\jetty-webapp-9.4.8.v20171121.jar;C:\Users\Home\.m2\repository\org\eclipse\jetty\jetty-xml\9.4.8.v20171121\jetty-xml-9.4.8.v20171121.jar;C:\Users\Home\.m2\repository\org\eclipse\jetty\jetty-servlet\9.4.8.v20171121\jetty-servlet-9.4.8.v20171121.jar;C:\Users\Home\.m2\repository\org\eclipse\jetty\jetty-security\9.4.8.v20171121\jetty-security-9.4.8.v20171121.jar;C:\Users\Home\.m2\repository\org\eclipse\jetty\jetty-http\9.4.8.v20171121\jetty-http-9.4.8.v20171121.jar;C:\Users\Home\.m2\repository\org\eclipse\jetty\jetty-util\9.4.8.v20171121\jetty-util-9.4.8.v20171121.jar;C:\Users\Home\.m2\repository\org\eclipse\jetty\apache-jsp\9.4.8.v20171121\apache-jsp-9.4.8.v20171121.jar;C:\Users\Home\.m2\repository\org\eclipse\jetty\toolchain\jetty-schemas\3.1\jetty-schemas-3.1.jar;C:\Users\Home\.m2\repository\org\mortbay\jasper\apache-jsp\8.5.23\apache-jsp-8.5.23.jar;C:\Users\Home\.m2\repository\org\mortbay\jasper\apache-el\8.5.23\apache-el-8.5.23.jar;C:\Users\Home\.m2\repository\org\eclipse\jdt\ecj\3.12.3\ecj-3.12.3.jar;C:\Users\Home\.m2\repository\org\eclipse\jetty\jetty-annotations\9.4.8.v20171121\jetty-annotations-9.4.8.v20171121.jar;C:\Users\Home\.m2\repository\org\eclipse\jetty\jetty-plus\9.4.8.v20171121\jetty-plus-9.4.8.v20171121.jar;C:\Users\Home\.m2\repository\org\eclipse\jetty\jetty-jndi\9.4.8.v20171121\jetty-jndi-9.4.8.v20171121.jar;C:\Users\Home\.m2\repository\org\ow2\asm\asm-commons\6.0\asm-commons-6.0.jar;C:\Users\Home\.m2\repository\org\ow2\asm\asm-tree\6.0\asm-tree-6.0.jar;C:\Users\Home\.m2\repository\org\apache\tinkerpop\spark-gremlin\3.3.0\spark-gremlin-3.3.0.jar;C:\Users\Home\.m2\repository\org\apache\tinkerpop\gremlin-core\3.3.0\gremlin-core-3.3.0.jar;C:\Users\Home\.m2\repository\org\apache\tinkerpop\gremlin-shaded\3.3.0\gremlin-shaded-3.3.0.jar;C:\Users\Home\.m2\repository\org\yaml\snakeyaml\1.15\snakeyaml-1.15.jar;C:\Users\Home\.m2\repository\org\javatuples\javatuples\1.2\javatuples-1.2.jar;C:\Users\Home\.m2\repository\com\carrotsearch\hppc\0.7.1\hppc-0.7.1.jar;C:\Users\Home\.m2\repository\com\jcabi\jcabi-manifests\1.1\jcabi-manifests-1.1.jar;C:\Users\Home\.m2\repository\com\jcabi\jcabi-log\0.14\jcabi-log-0.14.jar;C:\Users\Home\.m2\repository\com\squareup\javapoet\1.8.0\javapoet-1.8.0.jar;C:\Users\Home\.m2\repository\org\apache\tinkerpop\hadoop-gremlin\3.3.0\hadoop-gremlin-3.3.0.jar;C:\Users\Home\.m2\repository\io\github\litmus-benchmark-suite\gremlinator\1.0\gremlinator-1.0.jar;C:\Users\Home\.m2\repository\org\apache\tinkerpop\gremlin-groovy\3.2.3\gremlin-groovy-3.2.3.jar;C:\Users\Home\.m2\repository\org\codehaus\groovy\groovy\2.4.7\groovy-2.4.7-indy.jar;C:\Users\Home\.m2\repository\org\codehaus\groovy\groovy-groovysh\2.4.7\groovy-groovysh-2.4.7-indy.jar;C:\Users\Home\.m2\repository\org\codehaus\groovy\groovy\2.4.7\groovy-2.4.7.jar;C:\Users\Home\.m2\repository\jline\jline\2.12\jline-2.12.jar;C:\Users\Home\.m2\repository\org\codehaus\groovy\groovy-console\2.4.7\groovy-console-2.4.7.jar;C:\Users\Home\.m2\repository\org\codehaus\groovy\groovy-swing\2.4.7\groovy-swing-2.4.7.jar;C:\Users\Home\.m2\repository\org\codehaus\groovy\groovy-templates\2.4.7\groovy-templates-2.4.7.jar;C:\Users\Home\.m2\repository\org\codehaus\groovy\groovy-xml\2.4.7\groovy-xml-2.4.7.jar;C:\Users\Home\.m2\repository\org\codehaus\groovy\groovy-json\2.4.7\groovy-json-2.4.7-indy.jar;C:\Users\Home\.m2\repository\org\codehaus\groovy\groovy-jsr223\2.4.7\groovy-jsr223-2.4.7-indy.jar;C:\Users\Home\.m2\repository\com\github\jeremyh\jBCrypt\jbcrypt-0.4\jBCrypt-jbcrypt-0.4.jar;C:\Users\Home\.m2\repository\org\apache\tinkerpop\tinkergraph-gremlin\3.2.3\tinkergraph-gremlin-3.2.3.jar;C:\Users\Home\.m2\repository\net\sansa-stack\sansa-ml-spark_2.11\0.3.0\sansa-ml-spark_2.11-0.3.0.jar;C:\Users\Home\.m2\repository\net\sansa-stack\sansa-ml-common_2.11\0.3.0\sansa-ml-common_2.11-0.3.0.jar;C:\Users\Home\.m2\repository\org\apache\spark\spark-mllib_2.11\2.2.1\spark-mllib_2.11-2.2.1.jar;C:\Users\Home\.m2\repository\org\apache\spark\spark-mllib-local_2.11\2.2.1\spark-mllib-local_2.11-2.2.1.jar;C:\Users\Home\.m2\repository\org\scalanlp\breeze_2.11\0.13.2\breeze_2.11-0.13.2.jar;C:\Users\Home\.m2\repository\org\scalanlp\breeze-macros_2.11\0.13.2\breeze-macros_2.11-0.13.2.jar;C:\Users\Home\.m2\repository\com\github\rwl\jtransforms\2.4.0\jtransforms-2.4.0.jar;C:\Users\Home\.m2\repository\org\spire-math\spire_2.11\0.13.0\spire_2.11-0.13.0.jar;C:\Users\Home\.m2\repository\org\spire-math\spire-macros_2.11\0.13.0\spire-macros_2.11-0.13.0.jar;C:\Users\Home\.m2\repository\org\typelevel\machinist_2.11\0.6.1\machinist_2.11-0.6.1.jar;C:\Users\Home\.m2\repository\com\chuusai\shapeless_2.11\2.3.2\shapeless_2.11-2.3.2.jar;C:\Users\Home\.m2\repository\org\typelevel\macro-compat_2.11\1.1.1\macro-compat_2.11-1.1.1.jar;C:\Users\Home\.m2\repository\org\jpmml\pmml-model\1.2.15\pmml-model-1.2.15.jar;C:\Users\Home\.m2\repository\org\jpmml\pmml-schema\1.2.15\pmml-schema-1.2.15.jar;C:\Users\Home\.m2\repository\net\sourceforge\owlapi\org.semanticweb.hermit\1.3.8.510\org.semanticweb.hermit-1.3.8.510.jar;C:\Users\Home\.m2\repository\net\sourceforge\owlapi\owlapi-distribution\5.1.0\owlapi-distribution-5.1.0.jar;C:\Users\Home\.m2\repository\net\sourceforge\owlapi\owlapi-compatibility\5.1.0\owlapi-compatibility-5.1.0.jar;C:\Users\Home\.m2\repository\org\eclipse\rdf4j\rdf4j-util\2.1.4\rdf4j-util-2.1.4.jar;C:\Users\Home\.m2\repository\org\apache\ws\commons\axiom\axiom-api\1.2.14\axiom-api-1.2.14.jar;C:\Users\Home\.m2\repository\org\apache\geronimo\specs\geronimo-activation_1.1_spec\1.1\geronimo-activation_1.1_spec-1.1.jar;C:\Users\Home\.m2\repository\org\apache\geronimo\specs\geronimo-javamail_1.4_spec\1.7.1\geronimo-javamail_1.4_spec-1.7.1.jar;C:\Users\Home\.m2\repository\jaxen\jaxen\1.1.4\jaxen-1.1.4.jar;C:\Users\Home\.m2\repository\org\apache\geronimo\specs\geronimo-stax-api_1.0_spec\1.0.1\geronimo-stax-api_1.0_spec-1.0.1.jar;C:\Users\Home\.m2\repository\org\apache\james\apache-mime4j-core\0.7.2\apache-mime4j-core-0.7.2.jar;C:\Users\Home\.m2\repository\org\apache\ws\commons\axiom\axiom-c14n\1.2.14\axiom-c14n-1.2.14.jar;C:\Users\Home\.m2\repository\org\apache\ws\commons\axiom\axiom-impl\1.2.14\axiom-impl-1.2.14.jar;C:\Users\Home\.m2\repository\org\codehaus\woodstox\woodstox-core-asl\4.1.4\woodstox-core-asl-4.1.4.jar;C:\Users\Home\.m2\repository\org\codehaus\woodstox\stax2-api\3.1.1\stax2-api-3.1.1.jar;C:\Users\Home\.m2\repository\org\apache\ws\commons\axiom\axiom-dom\1.2.14\axiom-dom-1.2.14.jar;C:\Users\Home\.m2\repository\dk\brics\automaton\automaton\1.11-8\automaton-1.11-8.jar;C:\Users\Home\.m2\repository\org\apache\hadoop\hadoop-streaming\2.7.0\hadoop-streaming-2.7.0.jar;C:\Users\Home\.m2\repository\org\apache\jena\jena-tdb\3.5.0\jena-tdb-3.5.0.jar;C:\Users\Home\.m2\repository\org\apache\jena\jena-tdb2\3.5.0\jena-tdb2-3.5.0.jar;C:\Users\Home\.m2\repository\org\apache\jena\jena-dboe-trans-data\3.5.0\jena-dboe-trans-data-3.5.0.jar;C:\Users\Home\.m2\repository\org\apache\jena\jena-dboe-transaction\3.5.0\jena-dboe-transaction-3.5.0.jar;C:\Users\Home\.m2\repository\org\apache\jena\jena-dboe-base\3.5.0\jena-dboe-base-3.5.0.jar;C:\Users\Home\.m2\repository\org\apache\jena\jena-dboe-index\3.5.0\jena-dboe-index-3.5.0.jar;C:\Users\Home\.m2\repository\org\apache\jena\jena-rdfconnection\3.5.0\jena-rdfconnection-3.5.0.jar;C:\Users\Home\.m2\repository\com\github\scopt\scopt_2.11\3.5.0\scopt_2.11-3.5.0.jar;C:\Users\Home\.m2\repository\com\intel\analytics\bigdl\bigdl-SPARK_2.2\0.3.0\bigdl-SPARK_2.2-0.3.0.jar;C:\Users\Home\.m2\repository\org\apache\opennlp\opennlp-tools\1.6.0\opennlp-tools-1.6.0.jar;C:\Users\Home\.m2\repository\com\twelvemonkeys\imageio\imageio-jpeg\3.2.1\imageio-jpeg-3.2.1.jar;C:\Users\Home\.m2\repository\com\twelvemonkeys\imageio\imageio-core\3.2.1\imageio-core-3.2.1.jar;C:\Users\Home\.m2\repository\com\twelvemonkeys\imageio\imageio-metadata\3.2.1\imageio-metadata-3.2.1.jar;C:\Users\Home\.m2\repository\com\twelvemonkeys\common\common-lang\3.2.1\common-lang-3.2.1.jar;C:\Users\Home\.m2\repository\com\twelvemonkeys\common\common-io\3.2.1\common-io-3.2.1.jar;C:\Users\Home\.m2\repository\com\twelvemonkeys\common\common-image\3.2.1\common-image-3.2.1.jar;C:\Users\Home\.m2\repository\com\intel\analytics\bigdl\native\mkl-java\0.3.0\mkl-java-0.3.0.jar;C:\Users\Home\.m2\repository\com\intel\analytics\bigdl\bigquant\bigquant-java\0.3.0\bigquant-java-0.3.0.jar;C:\Users\Home\.m2\repository\com\intel\analytics\bigdl\native\mkl-java-mac\0.3.0\mkl-java-mac-0.3.0.jar;C:\Users\Home\.m2\repository\com\intel\analytics\bigdl\bigquant\bigquant-java-mac\0.3.0\bigquant-java-mac-0.3.0.jar;C:\Users\Home\.m2\repository\com\intel\analytics\bigdl\native\mkl-java-win64\0.3.0\mkl-java-win64-0.3.0.jar;C:\Users\Home\.m2\repository\com\intel\analytics\bigdl\bigquant\bigquant-java-win64\0.3.0\bigquant-java-win64-0.3.0.jar;C:\Users\Home\.m2\repository\com\intel\analytics\bigdl\spark-version\2.0-SPARK_2.2\0.3.0\2.0-SPARK_2.2-0.3.0.jar;C:\Users\Home\.m2\repository\com\typesafe\scala-logging\scala-logging_2.11\3.5.0\scala-logging_2.11-3.5.0.jar;C:\Users\Home\.m2\repository\org\springframework\spring\2.5.6.SEC03\spring-2.5.6.SEC03.jar;C:\Users\Home\.m2\repository\junit\junit\4.11\junit-4.11.jar;C:\Users\Home\.m2\repository\org\hamcrest\hamcrest-core\1.3\hamcrest-core-1.3.jar;C:\Users\Home\.m2\repository\org\scalatest\scalatest_2.11\2.2.6\scalatest_2.11-2.2.6.jar;C:\Users\Home\.m2\repository\org\scala-lang\scala-reflect\2.11.7\scala-reflect-2.11.7.jar;C:\Users\Home\.m2\repository\org\scala-lang\modules\scala-xml_2.11\1.0.2\scala-xml_2.11-1.0.2.jar;C:\Users\Home\.m2\repository\com\typesafe\scala-logging\scala-logging-slf4j_2.11\2.1.2\scala-logging-slf4j_2.11-2.1.2.jar;C:\Users\Home\.m2\repository\com\typesafe\scala-logging\scala-logging-api_2.11\2.1.2\scala-logging-api_2.11-2.1.2.jar">
</property>
    <property name="java.vm.specification.version" value="1.8"> </property>
    <property name="sun.arch.data.model" value="64"> </property>
    <property name="java.home" value="C:\Program Files\Java\jre1.8.0_171">
    </property>
    <property 
    name="sun.java.command" value="org.scalatest.tools.Runner -R C:\Users\Home\Documents\GitHub\AxiomExtraction\target\classes C:\Users\Home\Documents\GitHub\AxiomExtraction\target\test-classes -o -fWDF C:\Users\Home\Documents\GitHub\AxiomExtraction\target\surefire-reports\TestSuite.txt -u C:\Users\Home\Documents\GitHub\AxiomExtraction\target\surefire-reports\.">
</property>
    <property name="java.specification.vendor" value="Oracle Corporation">
    </property>
    <property name="user.language" value="ru"> </property>
    <property name="awt.toolkit" value="sun.awt.windows.WToolkit"> </property>
    <property name="java.vm.info" value="mixed mode"> </property>
    <property name="java.version" value="1.8.0_171"> </property>
    <property 
    name="java.ext.dirs" value="C:\Program Files\Java\jre1.8.0_171\lib\ext;C:\WINDOWS\Sun\Java\lib\ext">
</property>
    <property 
    name="sun.boot.class.path" value="C:\Program Files\Java\jre1.8.0_171\lib\resources.jar;C:\Program Files\Java\jre1.8.0_171\lib\rt.jar;C:\Program Files\Java\jre1.8.0_171\lib\sunrsasign.jar;C:\Program Files\Java\jre1.8.0_171\lib\jsse.jar;C:\Program Files\Java\jre1.8.0_171\lib\jce.jar;C:\Program Files\Java\jre1.8.0_171\lib\charsets.jar;C:\Program Files\Java\jre1.8.0_171\lib\jfr.jar;C:\Program Files\Java\jre1.8.0_171\classes">
</property>
    <property name="java.vendor" value="Oracle Corporation"> </property>
    <property name="file.separator" value="\"> </property>
    <property 
    name="java.vendor.url.bug" value="http://bugreport.sun.com/bugreport/">
</property>
    <property name="sun.cpu.endian" value="little"> </property>
    <property name="sun.io.unicode.encoding" value="UnicodeLittle"> </property>
    <property name="sun.desktop" value="windows"> </property>
    <property name="sun.cpu.isalist" value="amd64"> </property>
  </properties>
  <system-out><![CDATA[]]></system-out>
  <system-err><![CDATA[]]></system-err>
</testsuite>
